2010-05-03 12:13:10,984 ERROR [main] - indexByPid error
java.lang.NullPointerException
	at cz.incad.kramerius.indexer.KrameriusModels.toString(KrameriusModels.java:37)
	at cz.incad.kramerius.indexer.SolrOperations.indexByPid(SolrOperations.java:306)
	at cz.incad.kramerius.indexer.SolrOperations.fromKrameriusModel(SolrOperations.java:249)
	at cz.incad.kramerius.indexer.SolrOperations.updateIndex(SolrOperations.java:111)
	at dk.defxws.fedoragsearch.server.GenericOperationsImpl.updateIndex(GenericOperationsImpl.java:220)
	at cz.incad.kramerius.indexer.Indexer.updateIndex(Indexer.java:186)
	at cz.incad.kramerius.indexer.Indexer.doUpdate(Indexer.java:165)
	at cz.incad.kramerius.indexer.Indexer.update(Indexer.java:136)
	at cz.incad.kramerius.indexer.Indexer.run(Indexer.java:96)
	at cz.incad.kramerius.indexer.Main.main(Main.java:28)
2010-05-03 14:55:00,750 ERROR [main] - indexByPid error
java.lang.NullPointerException
	at cz.incad.kramerius.indexer.SolrOperations.indexByPid(SolrOperations.java:305)
	at cz.incad.kramerius.indexer.SolrOperations.fromKrameriusModel(SolrOperations.java:249)
	at cz.incad.kramerius.indexer.SolrOperations.updateIndex(SolrOperations.java:111)
	at dk.defxws.fedoragsearch.server.GenericOperationsImpl.updateIndex(GenericOperationsImpl.java:220)
	at cz.incad.kramerius.indexer.Indexer.updateIndex(Indexer.java:186)
	at cz.incad.kramerius.indexer.Indexer.doUpdate(Indexer.java:165)
	at cz.incad.kramerius.indexer.Indexer.update(Indexer.java:136)
	at cz.incad.kramerius.indexer.Indexer.run(Indexer.java:96)
	at cz.incad.kramerius.indexer.Main.main(Main.java:28)
2010-05-03 14:56:36,796 ERROR [main] - indexByPid error
dk.defxws.fedoragsearch.server.errors.GenericSearchException: Connection error (is Solr running at http://194.108.215.227:8080/solr/update ?): java.io.IOException: Server returned HTTP response code: 500 for URL: http://194.108.215.227:8080/solr/update
	at cz.incad.kramerius.indexer.SolrOperations.postData(SolrOperations.java:584)
	at cz.incad.kramerius.indexer.SolrOperations.indexDoc(SolrOperations.java:426)
	at cz.incad.kramerius.indexer.SolrOperations.indexByPid(SolrOperations.java:346)
	at cz.incad.kramerius.indexer.SolrOperations.indexByPid(SolrOperations.java:338)
	at cz.incad.kramerius.indexer.SolrOperations.fromKrameriusModel(SolrOperations.java:249)
	at cz.incad.kramerius.indexer.SolrOperations.updateIndex(SolrOperations.java:111)
	at dk.defxws.fedoragsearch.server.GenericOperationsImpl.updateIndex(GenericOperationsImpl.java:220)
	at cz.incad.kramerius.indexer.Indexer.updateIndex(Indexer.java:186)
	at cz.incad.kramerius.indexer.Indexer.doUpdate(Indexer.java:165)
	at cz.incad.kramerius.indexer.Indexer.update(Indexer.java:136)
	at cz.incad.kramerius.indexer.Indexer.run(Indexer.java:96)
	at cz.incad.kramerius.indexer.Main.main(Main.java:28)
2010-05-03 15:03:31,156 ERROR [main] - indexByPid error
dk.defxws.fedoragsearch.server.errors.GenericSearchException: Connection error (is Solr running at http://194.108.215.227:8080/solr/update ?): java.io.IOException: Server returned HTTP response code: 500 for URL: http://194.108.215.227:8080/solr/update
	at cz.incad.kramerius.indexer.SolrOperations.postData(SolrOperations.java:584)
	at cz.incad.kramerius.indexer.SolrOperations.indexDoc(SolrOperations.java:426)
	at cz.incad.kramerius.indexer.SolrOperations.indexByPid(SolrOperations.java:346)
	at cz.incad.kramerius.indexer.SolrOperations.indexByPid(SolrOperations.java:338)
	at cz.incad.kramerius.indexer.SolrOperations.fromKrameriusModel(SolrOperations.java:249)
	at cz.incad.kramerius.indexer.SolrOperations.updateIndex(SolrOperations.java:111)
	at dk.defxws.fedoragsearch.server.GenericOperationsImpl.updateIndex(GenericOperationsImpl.java:220)
	at cz.incad.kramerius.indexer.Indexer.updateIndex(Indexer.java:186)
	at cz.incad.kramerius.indexer.Indexer.doUpdate(Indexer.java:165)
	at cz.incad.kramerius.indexer.Indexer.update(Indexer.java:136)
	at cz.incad.kramerius.indexer.Indexer.run(Indexer.java:96)
	at cz.incad.kramerius.indexer.Main.main(Main.java:28)
2010-05-03 15:05:20,843 ERROR [main] - indexByPid error
dk.defxws.fedoragsearch.server.errors.GenericSearchException: Connection error (is Solr running at http://194.108.215.227:8080/solr/update ?): java.io.IOException: Server returned HTTP response code: 500 for URL: http://194.108.215.227:8080/solr/update
	at cz.incad.kramerius.indexer.SolrOperations.postData(SolrOperations.java:584)
	at cz.incad.kramerius.indexer.SolrOperations.indexDoc(SolrOperations.java:426)
	at cz.incad.kramerius.indexer.SolrOperations.indexByPid(SolrOperations.java:346)
	at cz.incad.kramerius.indexer.SolrOperations.indexByPid(SolrOperations.java:338)
	at cz.incad.kramerius.indexer.SolrOperations.fromKrameriusModel(SolrOperations.java:249)
	at cz.incad.kramerius.indexer.SolrOperations.updateIndex(SolrOperations.java:111)
	at dk.defxws.fedoragsearch.server.GenericOperationsImpl.updateIndex(GenericOperationsImpl.java:220)
	at cz.incad.kramerius.indexer.Indexer.updateIndex(Indexer.java:186)
	at cz.incad.kramerius.indexer.Indexer.doUpdate(Indexer.java:165)
	at cz.incad.kramerius.indexer.Indexer.update(Indexer.java:136)
	at cz.incad.kramerius.indexer.Indexer.run(Indexer.java:96)
	at cz.incad.kramerius.indexer.Main.main(Main.java:28)
2010-05-04 17:50:04,421 ERROR [main] - dk.defxws.fedoragsearch.server.errors.FedoraObjectNotFoundException: Fedora Object uuid: not found at Kramerius; nested exception is: 
	fedora.server.errors.ObjectNotInLowlevelStorageException: no path in db registry for [uuid:]
2010-05-04 17:51:54,609 ERROR [main] - dk.defxws.fedoragsearch.server.errors.FedoraObjectNotFoundException: Fedora Object uuid: not found at Kramerius; nested exception is: 
	fedora.server.errors.ObjectNotInLowlevelStorageException: no path in db registry for [uuid:]
2010-05-10 08:47:12,399 ERROR [main] - indexByPid error
java.lang.NullPointerException
	at dk.defxws.fedoragsearch.server.GTransformer.transform(GTransformer.java:113)
	at cz.incad.kramerius.indexer.SolrOperations.indexDoc(SolrOperations.java:483)
	at cz.incad.kramerius.indexer.SolrOperations.indexByPid(SolrOperations.java:413)
	at cz.incad.kramerius.indexer.SolrOperations.indexByPid(SolrOperations.java:405)
	at cz.incad.kramerius.indexer.SolrOperations.fromKrameriusModel(SolrOperations.java:315)
	at cz.incad.kramerius.indexer.SolrOperations.updateIndex(SolrOperations.java:115)
	at dk.defxws.fedoragsearch.server.GenericOperationsImpl.updateIndex(GenericOperationsImpl.java:221)
	at cz.incad.kramerius.indexer.Indexer.updateIndex(Indexer.java:185)
	at cz.incad.kramerius.indexer.Indexer.doUpdate(Indexer.java:164)
	at cz.incad.kramerius.indexer.Indexer.update(Indexer.java:135)
	at cz.incad.kramerius.indexer.Indexer.run(Indexer.java:96)
	at cz.incad.kramerius.indexer.Main.main(Main.java:46)
2010-05-10 08:47:12,462 ERROR [main] - indexByPid error
java.lang.NullPointerException
	at dk.defxws.fedoragsearch.server.GTransformer.transform(GTransformer.java:113)
	at cz.incad.kramerius.indexer.SolrOperations.indexDoc(SolrOperations.java:483)
	at cz.incad.kramerius.indexer.SolrOperations.indexByPid(SolrOperations.java:413)
	at cz.incad.kramerius.indexer.SolrOperations.indexByPid(SolrOperations.java:405)
	at cz.incad.kramerius.indexer.SolrOperations.fromKrameriusModel(SolrOperations.java:315)
	at cz.incad.kramerius.indexer.SolrOperations.updateIndex(SolrOperations.java:115)
	at dk.defxws.fedoragsearch.server.GenericOperationsImpl.updateIndex(GenericOperationsImpl.java:221)
	at cz.incad.kramerius.indexer.Indexer.updateIndex(Indexer.java:185)
	at cz.incad.kramerius.indexer.Indexer.doUpdate(Indexer.java:164)
	at cz.incad.kramerius.indexer.Indexer.update(Indexer.java:135)
	at cz.incad.kramerius.indexer.Indexer.run(Indexer.java:96)
	at cz.incad.kramerius.indexer.Main.main(Main.java:46)
2010-05-10 08:47:12,634 ERROR [main] - indexByPid error
java.lang.NullPointerException
	at dk.defxws.fedoragsearch.server.GTransformer.transform(GTransformer.java:113)
	at cz.incad.kramerius.indexer.SolrOperations.indexDoc(SolrOperations.java:483)
	at cz.incad.kramerius.indexer.SolrOperations.indexByPid(SolrOperations.java:413)
	at cz.incad.kramerius.indexer.SolrOperations.indexByPid(SolrOperations.java:405)
	at cz.incad.kramerius.indexer.SolrOperations.fromKrameriusModel(SolrOperations.java:315)
	at cz.incad.kramerius.indexer.SolrOperations.updateIndex(SolrOperations.java:115)
	at dk.defxws.fedoragsearch.server.GenericOperationsImpl.updateIndex(GenericOperationsImpl.java:221)
	at cz.incad.kramerius.indexer.Indexer.updateIndex(Indexer.java:185)
	at cz.incad.kramerius.indexer.Indexer.doUpdate(Indexer.java:164)
	at cz.incad.kramerius.indexer.Indexer.update(Indexer.java:135)
	at cz.incad.kramerius.indexer.Indexer.run(Indexer.java:96)
	at cz.incad.kramerius.indexer.Main.main(Main.java:46)
2010-05-10 08:47:12,681 ERROR [main] - indexByPid error
java.lang.NullPointerException
	at dk.defxws.fedoragsearch.server.GTransformer.transform(GTransformer.java:113)
	at cz.incad.kramerius.indexer.SolrOperations.indexDoc(SolrOperations.java:483)
	at cz.incad.kramerius.indexer.SolrOperations.indexByPid(SolrOperations.java:413)
	at cz.incad.kramerius.indexer.SolrOperations.indexByPid(SolrOperations.java:405)
	at cz.incad.kramerius.indexer.SolrOperations.fromKrameriusModel(SolrOperations.java:315)
	at cz.incad.kramerius.indexer.SolrOperations.updateIndex(SolrOperations.java:115)
	at dk.defxws.fedoragsearch.server.GenericOperationsImpl.updateIndex(GenericOperationsImpl.java:221)
	at cz.incad.kramerius.indexer.Indexer.updateIndex(Indexer.java:185)
	at cz.incad.kramerius.indexer.Indexer.doUpdate(Indexer.java:164)
	at cz.incad.kramerius.indexer.Indexer.update(Indexer.java:135)
	at cz.incad.kramerius.indexer.Indexer.run(Indexer.java:96)
	at cz.incad.kramerius.indexer.Main.main(Main.java:46)
2010-05-10 08:47:12,759 ERROR [main] - indexByPid error
java.lang.NullPointerException
	at dk.defxws.fedoragsearch.server.GTransformer.transform(GTransformer.java:113)
	at cz.incad.kramerius.indexer.SolrOperations.indexDoc(SolrOperations.java:483)
	at cz.incad.kramerius.indexer.SolrOperations.indexByPid(SolrOperations.java:413)
	at cz.incad.kramerius.indexer.SolrOperations.indexByPid(SolrOperations.java:405)
	at cz.incad.kramerius.indexer.SolrOperations.fromKrameriusModel(SolrOperations.java:315)
	at cz.incad.kramerius.indexer.SolrOperations.updateIndex(SolrOperations.java:115)
	at dk.defxws.fedoragsearch.server.GenericOperationsImpl.updateIndex(GenericOperationsImpl.java:221)
	at cz.incad.kramerius.indexer.Indexer.updateIndex(Indexer.java:185)
	at cz.incad.kramerius.indexer.Indexer.doUpdate(Indexer.java:164)
	at cz.incad.kramerius.indexer.Indexer.update(Indexer.java:135)
	at cz.incad.kramerius.indexer.Indexer.run(Indexer.java:96)
	at cz.incad.kramerius.indexer.Main.main(Main.java:46)
2010-05-10 08:47:12,806 ERROR [main] - indexByPid error
java.lang.NullPointerException
	at dk.defxws.fedoragsearch.server.GTransformer.transform(GTransformer.java:113)
	at cz.incad.kramerius.indexer.SolrOperations.indexDoc(SolrOperations.java:483)
	at cz.incad.kramerius.indexer.SolrOperations.indexByPid(SolrOperations.java:413)
	at cz.incad.kramerius.indexer.SolrOperations.indexByPid(SolrOperations.java:405)
	at cz.incad.kramerius.indexer.SolrOperations.fromKrameriusModel(SolrOperations.java:315)
	at cz.incad.kramerius.indexer.SolrOperations.updateIndex(SolrOperations.java:115)
	at dk.defxws.fedoragsearch.server.GenericOperationsImpl.updateIndex(GenericOperationsImpl.java:221)
	at cz.incad.kramerius.indexer.Indexer.updateIndex(Indexer.java:185)
	at cz.incad.kramerius.indexer.Indexer.doUpdate(Indexer.java:164)
	at cz.incad.kramerius.indexer.Indexer.update(Indexer.java:135)
	at cz.incad.kramerius.indexer.Indexer.run(Indexer.java:96)
	at cz.incad.kramerius.indexer.Main.main(Main.java:46)
2010-05-10 08:47:12,868 ERROR [main] - indexByPid error
java.lang.NullPointerException
	at dk.defxws.fedoragsearch.server.GTransformer.transform(GTransformer.java:113)
	at cz.incad.kramerius.indexer.SolrOperations.indexDoc(SolrOperations.java:483)
	at cz.incad.kramerius.indexer.SolrOperations.indexByPid(SolrOperations.java:413)
	at cz.incad.kramerius.indexer.SolrOperations.indexByPid(SolrOperations.java:405)
	at cz.incad.kramerius.indexer.SolrOperations.fromKrameriusModel(SolrOperations.java:315)
	at cz.incad.kramerius.indexer.SolrOperations.updateIndex(SolrOperations.java:115)
	at dk.defxws.fedoragsearch.server.GenericOperationsImpl.updateIndex(GenericOperationsImpl.java:221)
	at cz.incad.kramerius.indexer.Indexer.updateIndex(Indexer.java:185)
	at cz.incad.kramerius.indexer.Indexer.doUpdate(Indexer.java:164)
	at cz.incad.kramerius.indexer.Indexer.update(Indexer.java:135)
	at cz.incad.kramerius.indexer.Indexer.run(Indexer.java:96)
	at cz.incad.kramerius.indexer.Main.main(Main.java:46)
2010-05-10 08:47:12,915 ERROR [main] - indexByPid error
java.lang.NullPointerException
	at dk.defxws.fedoragsearch.server.GTransformer.transform(GTransformer.java:113)
	at cz.incad.kramerius.indexer.SolrOperations.indexDoc(SolrOperations.java:483)
	at cz.incad.kramerius.indexer.SolrOperations.indexByPid(SolrOperations.java:413)
	at cz.incad.kramerius.indexer.SolrOperations.indexByPid(SolrOperations.java:405)
	at cz.incad.kramerius.indexer.SolrOperations.fromKrameriusModel(SolrOperations.java:315)
	at cz.incad.kramerius.indexer.SolrOperations.updateIndex(SolrOperations.java:115)
	at dk.defxws.fedoragsearch.server.GenericOperationsImpl.updateIndex(GenericOperationsImpl.java:221)
	at cz.incad.kramerius.indexer.Indexer.updateIndex(Indexer.java:185)
	at cz.incad.kramerius.indexer.Indexer.doUpdate(Indexer.java:164)
	at cz.incad.kramerius.indexer.Indexer.update(Indexer.java:135)
	at cz.incad.kramerius.indexer.Indexer.run(Indexer.java:96)
	at cz.incad.kramerius.indexer.Main.main(Main.java:46)
2010-05-10 08:47:13,040 ERROR [main] - indexByPid error
java.lang.NullPointerException
	at dk.defxws.fedoragsearch.server.GTransformer.transform(GTransformer.java:113)
	at cz.incad.kramerius.indexer.SolrOperations.indexDoc(SolrOperations.java:483)
	at cz.incad.kramerius.indexer.SolrOperations.indexByPid(SolrOperations.java:413)
	at cz.incad.kramerius.indexer.SolrOperations.indexByPid(SolrOperations.java:405)
	at cz.incad.kramerius.indexer.SolrOperations.fromKrameriusModel(SolrOperations.java:315)
	at cz.incad.kramerius.indexer.SolrOperations.updateIndex(SolrOperations.java:115)
	at dk.defxws.fedoragsearch.server.GenericOperationsImpl.updateIndex(GenericOperationsImpl.java:221)
	at cz.incad.kramerius.indexer.Indexer.updateIndex(Indexer.java:185)
	at cz.incad.kramerius.indexer.Indexer.doUpdate(Indexer.java:164)
	at cz.incad.kramerius.indexer.Indexer.update(Indexer.java:135)
	at cz.incad.kramerius.indexer.Indexer.run(Indexer.java:96)
	at cz.incad.kramerius.indexer.Main.main(Main.java:46)
2010-05-10 08:47:13,087 ERROR [main] - indexByPid error
java.lang.NullPointerException
	at dk.defxws.fedoragsearch.server.GTransformer.transform(GTransformer.java:113)
	at cz.incad.kramerius.indexer.SolrOperations.indexDoc(SolrOperations.java:483)
	at cz.incad.kramerius.indexer.SolrOperations.indexByPid(SolrOperations.java:413)
	at cz.incad.kramerius.indexer.SolrOperations.indexByPid(SolrOperations.java:405)
	at cz.incad.kramerius.indexer.SolrOperations.fromKrameriusModel(SolrOperations.java:315)
	at cz.incad.kramerius.indexer.SolrOperations.updateIndex(SolrOperations.java:115)
	at dk.defxws.fedoragsearch.server.GenericOperationsImpl.updateIndex(GenericOperationsImpl.java:221)
	at cz.incad.kramerius.indexer.Indexer.updateIndex(Indexer.java:185)
	at cz.incad.kramerius.indexer.Indexer.doUpdate(Indexer.java:164)
	at cz.incad.kramerius.indexer.Indexer.update(Indexer.java:135)
	at cz.incad.kramerius.indexer.Indexer.run(Indexer.java:96)
	at cz.incad.kramerius.indexer.Main.main(Main.java:46)
2010-05-10 08:47:13,134 ERROR [main] - indexByPid error
java.lang.NullPointerException
	at dk.defxws.fedoragsearch.server.GTransformer.transform(GTransformer.java:113)
	at cz.incad.kramerius.indexer.SolrOperations.indexDoc(SolrOperations.java:483)
	at cz.incad.kramerius.indexer.SolrOperations.indexByPid(SolrOperations.java:413)
	at cz.incad.kramerius.indexer.SolrOperations.indexByPid(SolrOperations.java:405)
	at cz.incad.kramerius.indexer.SolrOperations.fromKrameriusModel(SolrOperations.java:315)
	at cz.incad.kramerius.indexer.SolrOperations.updateIndex(SolrOperations.java:115)
	at dk.defxws.fedoragsearch.server.GenericOperationsImpl.updateIndex(GenericOperationsImpl.java:221)
	at cz.incad.kramerius.indexer.Indexer.updateIndex(Indexer.java:185)
	at cz.incad.kramerius.indexer.Indexer.doUpdate(Indexer.java:164)
	at cz.incad.kramerius.indexer.Indexer.update(Indexer.java:135)
	at cz.incad.kramerius.indexer.Indexer.run(Indexer.java:96)
	at cz.incad.kramerius.indexer.Main.main(Main.java:46)
2010-05-10 08:47:13,165 ERROR [main] - indexByPid error
java.lang.NullPointerException
	at dk.defxws.fedoragsearch.server.GTransformer.transform(GTransformer.java:113)
	at cz.incad.kramerius.indexer.SolrOperations.indexDoc(SolrOperations.java:483)
	at cz.incad.kramerius.indexer.SolrOperations.indexByPid(SolrOperations.java:413)
	at cz.incad.kramerius.indexer.SolrOperations.indexByPid(SolrOperations.java:405)
	at cz.incad.kramerius.indexer.SolrOperations.fromKrameriusModel(SolrOperations.java:315)
	at cz.incad.kramerius.indexer.SolrOperations.updateIndex(SolrOperations.java:115)
	at dk.defxws.fedoragsearch.server.GenericOperationsImpl.updateIndex(GenericOperationsImpl.java:221)
	at cz.incad.kramerius.indexer.Indexer.updateIndex(Indexer.java:185)
	at cz.incad.kramerius.indexer.Indexer.doUpdate(Indexer.java:164)
	at cz.incad.kramerius.indexer.Indexer.update(Indexer.java:135)
	at cz.incad.kramerius.indexer.Indexer.run(Indexer.java:96)
	at cz.incad.kramerius.indexer.Main.main(Main.java:46)
2010-05-10 08:47:13,212 ERROR [main] - indexByPid error
java.lang.NullPointerException
	at dk.defxws.fedoragsearch.server.GTransformer.transform(GTransformer.java:113)
	at cz.incad.kramerius.indexer.SolrOperations.indexDoc(SolrOperations.java:483)
	at cz.incad.kramerius.indexer.SolrOperations.indexByPid(SolrOperations.java:413)
	at cz.incad.kramerius.indexer.SolrOperations.indexByPid(SolrOperations.java:405)
	at cz.incad.kramerius.indexer.SolrOperations.fromKrameriusModel(SolrOperations.java:315)
	at cz.incad.kramerius.indexer.SolrOperations.updateIndex(SolrOperations.java:115)
	at dk.defxws.fedoragsearch.server.GenericOperationsImpl.updateIndex(GenericOperationsImpl.java:221)
	at cz.incad.kramerius.indexer.Indexer.updateIndex(Indexer.java:185)
	at cz.incad.kramerius.indexer.Indexer.doUpdate(Indexer.java:164)
	at cz.incad.kramerius.indexer.Indexer.update(Indexer.java:135)
	at cz.incad.kramerius.indexer.Indexer.run(Indexer.java:96)
	at cz.incad.kramerius.indexer.Main.main(Main.java:46)
2010-05-10 08:47:13,259 ERROR [main] - indexByPid error
java.lang.NullPointerException
	at dk.defxws.fedoragsearch.server.GTransformer.transform(GTransformer.java:113)
	at cz.incad.kramerius.indexer.SolrOperations.indexDoc(SolrOperations.java:483)
	at cz.incad.kramerius.indexer.SolrOperations.indexByPid(SolrOperations.java:413)
	at cz.incad.kramerius.indexer.SolrOperations.indexByPid(SolrOperations.java:405)
	at cz.incad.kramerius.indexer.SolrOperations.fromKrameriusModel(SolrOperations.java:315)
	at cz.incad.kramerius.indexer.SolrOperations.updateIndex(SolrOperations.java:115)
	at dk.defxws.fedoragsearch.server.GenericOperationsImpl.updateIndex(GenericOperationsImpl.java:221)
	at cz.incad.kramerius.indexer.Indexer.updateIndex(Indexer.java:185)
	at cz.incad.kramerius.indexer.Indexer.doUpdate(Indexer.java:164)
	at cz.incad.kramerius.indexer.Indexer.update(Indexer.java:135)
	at cz.incad.kramerius.indexer.Indexer.run(Indexer.java:96)
	at cz.incad.kramerius.indexer.Main.main(Main.java:46)
2010-05-10 08:47:13,306 ERROR [main] - indexByPid error
java.lang.NullPointerException
	at dk.defxws.fedoragsearch.server.GTransformer.transform(GTransformer.java:113)
	at cz.incad.kramerius.indexer.SolrOperations.indexDoc(SolrOperations.java:483)
	at cz.incad.kramerius.indexer.SolrOperations.indexByPid(SolrOperations.java:413)
	at cz.incad.kramerius.indexer.SolrOperations.indexByPid(SolrOperations.java:405)
	at cz.incad.kramerius.indexer.SolrOperations.fromKrameriusModel(SolrOperations.java:315)
	at cz.incad.kramerius.indexer.SolrOperations.updateIndex(SolrOperations.java:115)
	at dk.defxws.fedoragsearch.server.GenericOperationsImpl.updateIndex(GenericOperationsImpl.java:221)
	at cz.incad.kramerius.indexer.Indexer.updateIndex(Indexer.java:185)
	at cz.incad.kramerius.indexer.Indexer.doUpdate(Indexer.java:164)
	at cz.incad.kramerius.indexer.Indexer.update(Indexer.java:135)
	at cz.incad.kramerius.indexer.Indexer.run(Indexer.java:96)
	at cz.incad.kramerius.indexer.Main.main(Main.java:46)
2010-05-10 08:47:13,399 ERROR [main] - indexByPid error
java.lang.NullPointerException
	at dk.defxws.fedoragsearch.server.GTransformer.transform(GTransformer.java:113)
	at cz.incad.kramerius.indexer.SolrOperations.indexDoc(SolrOperations.java:483)
	at cz.incad.kramerius.indexer.SolrOperations.indexByPid(SolrOperations.java:413)
	at cz.incad.kramerius.indexer.SolrOperations.indexByPid(SolrOperations.java:405)
	at cz.incad.kramerius.indexer.SolrOperations.fromKrameriusModel(SolrOperations.java:315)
	at cz.incad.kramerius.indexer.SolrOperations.updateIndex(SolrOperations.java:115)
	at dk.defxws.fedoragsearch.server.GenericOperationsImpl.updateIndex(GenericOperationsImpl.java:221)
	at cz.incad.kramerius.indexer.Indexer.updateIndex(Indexer.java:185)
	at cz.incad.kramerius.indexer.Indexer.doUpdate(Indexer.java:164)
	at cz.incad.kramerius.indexer.Indexer.update(Indexer.java:135)
	at cz.incad.kramerius.indexer.Indexer.run(Indexer.java:96)
	at cz.incad.kramerius.indexer.Main.main(Main.java:46)
2010-05-10 08:47:13,399 ERROR [main] - indexByPid error
java.lang.NullPointerException
	at dk.defxws.fedoragsearch.server.GTransformer.transform(GTransformer.java:113)
	at cz.incad.kramerius.indexer.SolrOperations.indexDoc(SolrOperations.java:483)
	at cz.incad.kramerius.indexer.SolrOperations.indexByPid(SolrOperations.java:413)
	at cz.incad.kramerius.indexer.SolrOperations.fromKrameriusModel(SolrOperations.java:315)
	at cz.incad.kramerius.indexer.SolrOperations.updateIndex(SolrOperations.java:115)
	at dk.defxws.fedoragsearch.server.GenericOperationsImpl.updateIndex(GenericOperationsImpl.java:221)
	at cz.incad.kramerius.indexer.Indexer.updateIndex(Indexer.java:185)
	at cz.incad.kramerius.indexer.Indexer.doUpdate(Indexer.java:164)
	at cz.incad.kramerius.indexer.Indexer.update(Indexer.java:135)
	at cz.incad.kramerius.indexer.Indexer.run(Indexer.java:96)
	at cz.incad.kramerius.indexer.Main.main(Main.java:46)
2010-05-10 09:14:59,649 ERROR [main] - dk.defxws.fedoragsearch.server.errors.GenericSearchException: Error getting FedoraClient for repository: Kramerius; nested exception is: 
	java.lang.NullPointerException
2010-05-10 10:03:00,962 ERROR [main] - Update failed
2010-05-10 10:03:00,962 ERROR [main] - java.lang.NullPointerException
